<?xml version="1.0" encoding="UTF-8"?>
<!-- Generated by org.testng.reporters.JUnitXMLReporter -->
<testsuite hostname="DESKTOP-6UTCEC9" ignored="0" name="Test" tests="6" failures="0" timestamp="2021-05-05T13:32:00 IST" time="68.293" errors="0">
  <testcase name="SearchItem" time="7.68" classname="com.qa.Testscripts.Trivago_TC"/>
  <testcase name="SearchItem" time="5.823" classname="com.qa.Testscripts.Trivago_TC"/>
  <testcase name="SearchItem" time="5.84" classname="com.qa.Testscripts.Trivago_TC"/>
  <testcase name="SearchItem" time="5.968" classname="com.qa.Testscripts.Trivago_TC"/>
  <testcase name="SearchItem" time="5.504" classname="com.qa.Testscripts.Trivago_TC"/>
  <testcase name="SearchItem" time="5.696" classname="com.qa.Testscripts.Trivago_TC"/>
</testsuite> <!-- Test -->
